2025-08-22 01:43:39,923 [INFO] 未指定 --date，使用最近日期 2025-08-21
2025-08-22 01:43:45,810 [INFO] 
2025-08-22 01:43:45,811 [INFO] ============== 选股结果 [少妇战法] ==============
2025-08-22 01:43:45,811 [INFO] 交易日: 2025-08-21
2025-08-22 01:43:45,811 [INFO] 符合条件股票数: 116
2025-08-22 01:43:45,811 [INFO] 002389, 002438, 605118, 002941, 600855, 688360, 002564, 688375, 601155, 600288, 301613, 300257, 002361, 300733, 301015, 605090, 600895, 688570, 688010, 002166, 300440, 300482, 603181, 600501, 600676, 600662, 600879, 300873, 002414, 300586, 301303, 688698, 688459, 300342, 601718, 301262, 688510, 002458, 002896, 603680, 002075, 300143, 688711, 603508, 600983, 002688, 002515, 002716, 688112, 603109, 600212, 301310, 301306, 300179, 688059, 300233, 688281, 301256, 300821, 002042, 688322, 301096, 688531, 002321, 300981, 600343, 001207, 600587, 601699, 000519, 002695, 688091, 603698, 603868, 688325, 600151, 600435, 601139, 300775, 688523, 603538, 000526, 605598, 600184, 002913, 688087, 603507, 603776, 688143, 688631, 000408, 002544, 600685, 002008, 688236, 001270, 000813, 600523, 688151, 002755, 002543, 300474, 688150, 300689, 002973, 000547, 301187, 300516, 002346, 300648, 002756, 300847, 605060, 688392, 603014, 002192
2025-08-22 01:43:51,270 [INFO] 
2025-08-22 01:43:51,270 [INFO] ============== 选股结果 [少妇战法精选版] ==============
2025-08-22 01:43:51,270 [INFO] 交易日: 2025-08-21
2025-08-22 01:43:51,270 [INFO] 符合条件股票数: 16
2025-08-22 01:43:51,270 [INFO] 002361, 688570, 600676, 301303, 300342, 300143, 002515, 301310, 688531, 603868, 688087, 000408, 300474, 301187, 002346, 605060
2025-08-22 01:44:43,288 [INFO] 
2025-08-22 01:44:43,289 [INFO] ============== 选股结果 [SuperB1战法] ==============
2025-08-22 01:44:43,289 [INFO] 交易日: 2025-08-21
2025-08-22 01:44:43,289 [INFO] 符合条件股票数: 3
2025-08-22 01:44:43,289 [INFO] 688510, 603109, 600212
2025-08-22 01:44:48,117 [INFO] 
2025-08-22 01:44:48,118 [INFO] ============== 选股结果 [补票战法] ==============
2025-08-22 01:44:48,118 [INFO] 交易日: 2025-08-21
2025-08-22 01:44:48,118 [INFO] 符合条件股票数: 0
2025-08-22 01:44:48,118 [INFO] 无符合条件股票
2025-08-22 01:44:50,760 [INFO] 
2025-08-22 01:44:50,761 [INFO] ============== 选股结果 [TePu战法] ==============
2025-08-22 01:44:50,761 [INFO] 交易日: 2025-08-21
2025-08-22 01:44:50,761 [INFO] 符合条件股票数: 1
2025-08-22 01:44:50,761 [INFO] 002075
2025-08-22 01:44:54,013 [INFO] 
2025-08-22 01:44:54,013 [INFO] ============== 选股结果 [填坑战法] ==============
2025-08-22 01:44:54,013 [INFO] 交易日: 2025-08-21
2025-08-22 01:44:54,013 [INFO] 符合条件股票数: 4
2025-08-22 01:44:54,013 [INFO] 301310, 603063, 000813, 300689
2025-08-22 02:03:42,990 [INFO] 未指定 --date，使用最近日期 2025-08-21
2025-08-22 02:03:56,939 [INFO] 
2025-08-22 02:03:56,939 [INFO] ============== 选股结果 [少妇战法] ==============
2025-08-22 02:03:56,939 [INFO] 交易日: 2025-08-21
2025-08-22 02:03:56,939 [INFO] 符合条件股票数: 116
2025-08-22 02:03:56,939 [INFO] 002389, 002438, 605118, 002941, 600855, 688360, 002564, 688375, 601155, 600288, 301613, 300257, 002361, 300733, 301015, 605090, 600895, 688570, 688010, 002166, 300440, 300482, 603181, 600501, 600676, 600662, 600879, 300873, 002414, 300586, 301303, 688698, 688459, 300342, 601718, 301262, 688510, 002458, 002896, 603680, 002075, 300143, 688711, 603508, 600983, 002688, 002515, 002716, 688112, 603109, 600212, 301310, 301306, 300179, 688059, 300233, 688281, 301256, 300821, 002042, 688322, 301096, 688531, 002321, 300981, 600343, 001207, 600587, 601699, 000519, 002695, 688091, 603698, 603868, 688325, 600151, 600435, 601139, 300775, 688523, 603538, 000526, 605598, 600184, 002913, 688087, 603507, 603776, 688143, 688631, 000408, 002544, 600685, 002008, 688236, 001270, 000813, 600523, 688151, 002755, 002543, 300474, 688150, 300689, 002973, 000547, 301187, 300516, 002346, 300648, 002756, 300847, 605060, 688392, 603014, 002192
2025-08-22 02:03:56,939 [INFO] 结果已保存至 results/2025-08-21/shaofu.txt
2025-08-22 02:04:02,588 [INFO] 
2025-08-22 02:04:02,588 [INFO] ============== 选股结果 [少妇战法精选版] ==============
2025-08-22 02:04:02,588 [INFO] 交易日: 2025-08-21
2025-08-22 02:04:02,588 [INFO] 符合条件股票数: 16
2025-08-22 02:04:02,588 [INFO] 002361, 688570, 600676, 301303, 300342, 300143, 002515, 301310, 688531, 603868, 688087, 000408, 300474, 301187, 002346, 605060
2025-08-22 02:04:02,589 [INFO] 结果已保存至 results/2025-08-21/shaofuv2.txt
2025-08-22 02:04:51,832 [INFO] 
2025-08-22 02:04:51,833 [INFO] ============== 选股结果 [SuperB1战法] ==============
2025-08-22 02:04:51,833 [INFO] 交易日: 2025-08-21
2025-08-22 02:04:51,833 [INFO] 符合条件股票数: 3
2025-08-22 02:04:51,833 [INFO] 688510, 603109, 600212
2025-08-22 02:04:51,833 [INFO] 结果已保存至 results/2025-08-21/sb1.txt
2025-08-22 02:04:56,595 [INFO] 
2025-08-22 02:04:56,595 [INFO] ============== 选股结果 [补票战法] ==============
2025-08-22 02:04:56,595 [INFO] 交易日: 2025-08-21
2025-08-22 02:04:56,595 [INFO] 符合条件股票数: 0
2025-08-22 02:04:56,595 [INFO] 无符合条件股票
2025-08-22 02:04:56,595 [INFO] 结果已保存至 results/2025-08-21/bupiao.txt
2025-08-22 02:04:59,233 [INFO] 
2025-08-22 02:04:59,233 [INFO] ============== 选股结果 [TePu战法] ==============
2025-08-22 02:04:59,233 [INFO] 交易日: 2025-08-21
2025-08-22 02:04:59,233 [INFO] 符合条件股票数: 1
2025-08-22 02:04:59,233 [INFO] 002075
2025-08-22 02:04:59,234 [INFO] 结果已保存至 results/2025-08-21/tepu.txt
2025-08-22 02:05:02,770 [INFO] 
2025-08-22 02:05:02,770 [INFO] ============== 选股结果 [填坑战法] ==============
2025-08-22 02:05:02,770 [INFO] 交易日: 2025-08-21
2025-08-22 02:05:02,770 [INFO] 符合条件股票数: 4
2025-08-22 02:05:02,770 [INFO] 301310, 603063, 000813, 300689
2025-08-22 02:05:02,770 [INFO] 结果已保存至 results/2025-08-21/tiankeng.txt
2025-08-22 02:07:29,159 [INFO] 未指定 --date，使用最近日期 2025-08-21
2025-08-22 02:07:34,382 [INFO] 
2025-08-22 02:07:34,382 [INFO] ============== 选股结果 [少妇战法] ==============
2025-08-22 02:07:34,383 [INFO] 交易日: 2025-08-21
2025-08-22 02:07:34,383 [INFO] 符合条件股票数: 116
2025-08-22 02:07:34,383 [INFO] 002389, 002438, 605118, 002941, 600855, 688360, 002564, 688375, 601155, 600288, 301613, 300257, 002361, 300733, 301015, 605090, 600895, 688570, 688010, 002166, 300440, 300482, 603181, 600501, 600676, 600662, 600879, 300873, 002414, 300586, 301303, 688698, 688459, 300342, 601718, 301262, 688510, 002458, 002896, 603680, 002075, 300143, 688711, 603508, 600983, 002688, 002515, 002716, 688112, 603109, 600212, 301310, 301306, 300179, 688059, 300233, 688281, 301256, 300821, 002042, 688322, 301096, 688531, 002321, 300981, 600343, 001207, 600587, 601699, 000519, 002695, 688091, 603698, 603868, 688325, 600151, 600435, 601139, 300775, 688523, 603538, 000526, 605598, 600184, 002913, 688087, 603507, 603776, 688143, 688631, 000408, 002544, 600685, 002008, 688236, 001270, 000813, 600523, 688151, 002755, 002543, 300474, 688150, 300689, 002973, 000547, 301187, 300516, 002346, 300648, 002756, 300847, 605060, 688392, 603014, 002192
2025-08-22 02:07:34,383 [INFO] 结果已保存至 results/2025-08-21/shaofu.txt
2025-08-22 02:07:39,675 [INFO] 
2025-08-22 02:07:39,675 [INFO] ============== 选股结果 [少妇战法精选版] ==============
2025-08-22 02:07:39,675 [INFO] 交易日: 2025-08-21
2025-08-22 02:07:39,675 [INFO] 符合条件股票数: 16
2025-08-22 02:07:39,675 [INFO] 002361, 688570, 600676, 301303, 300342, 300143, 002515, 301310, 688531, 603868, 688087, 000408, 300474, 301187, 002346, 605060
2025-08-22 02:07:39,676 [INFO] 结果已保存至 results/2025-08-21/shaofuv2.txt
2025-08-22 02:08:29,002 [INFO] 
2025-08-22 02:08:29,002 [INFO] ============== 选股结果 [SuperB1战法] ==============
2025-08-22 02:08:29,002 [INFO] 交易日: 2025-08-21
2025-08-22 02:08:29,002 [INFO] 符合条件股票数: 3
2025-08-22 02:08:29,002 [INFO] 688510, 603109, 600212
2025-08-22 02:08:29,002 [INFO] 结果已保存至 results/2025-08-21/sb1.txt
2025-08-22 02:08:33,833 [INFO] 
2025-08-22 02:08:33,833 [INFO] ============== 选股结果 [补票战法] ==============
2025-08-22 02:08:33,833 [INFO] 交易日: 2025-08-21
2025-08-22 02:08:33,833 [INFO] 符合条件股票数: 0
2025-08-22 02:08:33,833 [INFO] 无符合条件股票
2025-08-22 02:08:33,833 [INFO] 结果已保存至 results/2025-08-21/bupiao.txt
2025-08-22 02:08:36,477 [INFO] 
2025-08-22 02:08:36,477 [INFO] ============== 选股结果 [TePu战法] ==============
2025-08-22 02:08:36,477 [INFO] 交易日: 2025-08-21
2025-08-22 02:08:36,477 [INFO] 符合条件股票数: 1
2025-08-22 02:08:36,477 [INFO] 002075
2025-08-22 02:08:36,478 [INFO] 结果已保存至 results/2025-08-21/tepu.txt
2025-08-22 02:08:39,704 [INFO] 
2025-08-22 02:08:39,704 [INFO] ============== 选股结果 [填坑战法] ==============
2025-08-22 02:08:39,704 [INFO] 交易日: 2025-08-21
2025-08-22 02:08:39,704 [INFO] 符合条件股票数: 4
2025-08-22 02:08:39,704 [INFO] 301310, 603063, 000813, 300689
2025-08-22 02:08:39,704 [INFO] 结果已保存至 results/2025-08-21/tiankeng.txt
2025-08-22 02:34:14,915 [INFO] 未指定 --date，使用最近日期 2025-08-21
2025-08-22 02:34:20,089 [INFO] 
2025-08-22 02:34:20,089 [INFO] ============== 选股结果 [少妇战法] ==============
2025-08-22 02:34:20,089 [INFO] 交易日: 2025-08-21
2025-08-22 02:34:20,089 [INFO] 符合条件股票数: 116
2025-08-22 02:34:20,089 [INFO] 002389, 002438, 605118, 002941, 600855, 688360, 002564, 688375, 601155, 600288, 301613, 300257, 002361, 300733, 301015, 605090, 600895, 688570, 688010, 002166, 300440, 300482, 603181, 600501, 600676, 600662, 600879, 300873, 002414, 300586, 301303, 688698, 688459, 300342, 601718, 301262, 688510, 002458, 002896, 603680, 002075, 300143, 688711, 603508, 600983, 002688, 002515, 002716, 688112, 603109, 600212, 301310, 301306, 300179, 688059, 300233, 688281, 301256, 300821, 002042, 688322, 301096, 688531, 002321, 300981, 600343, 001207, 600587, 601699, 000519, 002695, 688091, 603698, 603868, 688325, 600151, 600435, 601139, 300775, 688523, 603538, 000526, 605598, 600184, 002913, 688087, 603507, 603776, 688143, 688631, 000408, 002544, 600685, 002008, 688236, 001270, 000813, 600523, 688151, 002755, 002543, 300474, 688150, 300689, 002973, 000547, 301187, 300516, 002346, 300648, 002756, 300847, 605060, 688392, 603014, 002192
2025-08-22 02:34:20,089 [INFO] 结果已保存至 results/2025-08-21/shaofu.txt
2025-08-22 02:34:25,250 [INFO] 
2025-08-22 02:34:25,251 [INFO] ============== 选股结果 [少妇战法精选版] ==============
2025-08-22 02:34:25,251 [INFO] 交易日: 2025-08-21
2025-08-22 02:34:25,251 [INFO] 符合条件股票数: 16
2025-08-22 02:34:25,251 [INFO] 002361, 688570, 600676, 301303, 300342, 300143, 002515, 301310, 688531, 603868, 688087, 000408, 300474, 301187, 002346, 605060
2025-08-22 02:34:25,251 [INFO] 结果已保存至 results/2025-08-21/shaofuv2.txt
2025-08-22 02:35:14,525 [INFO] 
2025-08-22 02:35:14,525 [INFO] ============== 选股结果 [SuperB1战法] ==============
2025-08-22 02:35:14,526 [INFO] 交易日: 2025-08-21
2025-08-22 02:35:14,526 [INFO] 符合条件股票数: 3
2025-08-22 02:35:14,526 [INFO] 688510, 603109, 600212
2025-08-22 02:35:14,526 [INFO] 结果已保存至 results/2025-08-21/sb1.txt
2025-08-22 02:35:19,278 [INFO] 
2025-08-22 02:35:19,278 [INFO] ============== 选股结果 [补票战法] ==============
2025-08-22 02:35:19,278 [INFO] 交易日: 2025-08-21
2025-08-22 02:35:19,278 [INFO] 符合条件股票数: 0
2025-08-22 02:35:19,278 [INFO] 无符合条件股票
2025-08-22 02:35:19,278 [INFO] 结果已保存至 results/2025-08-21/bupiao.txt
2025-08-22 02:35:21,874 [INFO] 
2025-08-22 02:35:21,874 [INFO] ============== 选股结果 [TePu战法] ==============
2025-08-22 02:35:21,875 [INFO] 交易日: 2025-08-21
2025-08-22 02:35:21,875 [INFO] 符合条件股票数: 1
2025-08-22 02:35:21,875 [INFO] 002075
2025-08-22 02:35:21,875 [INFO] 结果已保存至 results/2025-08-21/tepu.txt
2025-08-22 02:35:25,026 [INFO] 
2025-08-22 02:35:25,026 [INFO] ============== 选股结果 [填坑战法] ==============
2025-08-22 02:35:25,026 [INFO] 交易日: 2025-08-21
2025-08-22 02:35:25,026 [INFO] 符合条件股票数: 4
2025-08-22 02:35:25,026 [INFO] 301310, 603063, 000813, 300689
2025-08-22 02:35:25,026 [INFO] 结果已保存至 results/2025-08-21/tiankeng.txt
2025-08-22 02:36:24,577 [INFO] 未指定 --date，使用最近日期 2025-08-21
2025-08-22 02:36:29,513 [INFO] 
2025-08-22 02:36:29,513 [INFO] ============== 选股结果 [少妇战法] ==============
2025-08-22 02:36:29,513 [INFO] 交易日: 2025-08-21
2025-08-22 02:36:29,513 [INFO] 符合条件股票数: 116
2025-08-22 02:36:29,513 [INFO] 002389, 002438, 605118, 002941, 600855, 688360, 002564, 688375, 601155, 600288, 301613, 300257, 002361, 300733, 301015, 605090, 600895, 688570, 688010, 002166, 300440, 300482, 603181, 600501, 600676, 600662, 600879, 300873, 002414, 300586, 301303, 688698, 688459, 300342, 601718, 301262, 688510, 002458, 002896, 603680, 002075, 300143, 688711, 603508, 600983, 002688, 002515, 002716, 688112, 603109, 600212, 301310, 301306, 300179, 688059, 300233, 688281, 301256, 300821, 002042, 688322, 301096, 688531, 002321, 300981, 600343, 001207, 600587, 601699, 000519, 002695, 688091, 603698, 603868, 688325, 600151, 600435, 601139, 300775, 688523, 603538, 000526, 605598, 600184, 002913, 688087, 603507, 603776, 688143, 688631, 000408, 002544, 600685, 002008, 688236, 001270, 000813, 600523, 688151, 002755, 002543, 300474, 688150, 300689, 002973, 000547, 301187, 300516, 002346, 300648, 002756, 300847, 605060, 688392, 603014, 002192
2025-08-22 02:36:29,514 [INFO] 结果已保存至 results/2025-08-21-Day/shaofu.txt
2025-08-22 02:36:34,734 [INFO] 
2025-08-22 02:36:34,734 [INFO] ============== 选股结果 [少妇战法精选版] ==============
2025-08-22 02:36:34,734 [INFO] 交易日: 2025-08-21
2025-08-22 02:36:34,734 [INFO] 符合条件股票数: 16
2025-08-22 02:36:34,734 [INFO] 002361, 688570, 600676, 301303, 300342, 300143, 002515, 301310, 688531, 603868, 688087, 000408, 300474, 301187, 002346, 605060
2025-08-22 02:36:34,735 [INFO] 结果已保存至 results/2025-08-21-Day/shaofuv2.txt
2025-08-22 02:37:24,236 [INFO] 
2025-08-22 02:37:24,237 [INFO] ============== 选股结果 [SuperB1战法] ==============
2025-08-22 02:37:24,237 [INFO] 交易日: 2025-08-21
2025-08-22 02:37:24,237 [INFO] 符合条件股票数: 3
2025-08-22 02:37:24,237 [INFO] 688510, 603109, 600212
2025-08-22 02:37:24,238 [INFO] 结果已保存至 results/2025-08-21-Day/sb1.txt
2025-08-22 02:37:28,986 [INFO] 
2025-08-22 02:37:28,986 [INFO] ============== 选股结果 [补票战法] ==============
2025-08-22 02:37:28,986 [INFO] 交易日: 2025-08-21
2025-08-22 02:37:28,986 [INFO] 符合条件股票数: 0
2025-08-22 02:37:28,986 [INFO] 无符合条件股票
2025-08-22 02:37:28,986 [INFO] 结果已保存至 results/2025-08-21-Day/bupiao.txt
2025-08-22 02:37:31,595 [INFO] 
2025-08-22 02:37:31,595 [INFO] ============== 选股结果 [TePu战法] ==============
2025-08-22 02:37:31,595 [INFO] 交易日: 2025-08-21
2025-08-22 02:37:31,595 [INFO] 符合条件股票数: 1
2025-08-22 02:37:31,595 [INFO] 002075
2025-08-22 02:37:31,595 [INFO] 结果已保存至 results/2025-08-21-Day/tepu.txt
2025-08-22 02:37:34,776 [INFO] 
2025-08-22 02:37:34,776 [INFO] ============== 选股结果 [填坑战法] ==============
2025-08-22 02:37:34,776 [INFO] 交易日: 2025-08-21
2025-08-22 02:37:34,776 [INFO] 符合条件股票数: 4
2025-08-22 02:37:34,776 [INFO] 301310, 603063, 000813, 300689
2025-08-22 02:37:34,776 [INFO] 结果已保存至 results/2025-08-21-Day/tiankeng.txt
2025-08-23 13:38:18,742 [INFO] 未指定 --date，使用最近日期 2025-08-22
2025-08-23 13:38:24,482 [INFO] 
2025-08-23 13:38:24,483 [INFO] ============== 选股结果 [少妇战法] ==============
2025-08-23 13:38:24,483 [INFO] 交易日: 2025-08-22
2025-08-23 13:38:24,483 [INFO] 符合条件股票数: 129
2025-08-23 13:38:24,483 [INFO] 002438, 605118, 000011, 002941, 600855, 002564, 600666, 002773, 000762, 601155, 600288, 301613, 300257, 002361, 600507, 688029, 688161, 301015, 605090, 688410, 002176, 688570, 002166, 300440, 300482, 301005, 603181, 600501, 002950, 600676, 600662, 300873, 600771, 300586, 300009, 603132, 688459, 300342, 300815, 301262, 605378, 002466, 002458, 603938, 688710, 002896, 603680, 600376, 300194, 603130, 002075, 000058, 300976, 600983, 002688, 002515, 603109, 600212, 301310, 002851, 301306, 300347, 601089, 300821, 002042, 002240, 301096, 300388, 002321, 300981, 002915, 002901, 603071, 300016, 600587, 601699, 003028, 000519, 002695, 688091, 603698, 603868, 688325, 301251, 601139, 603538, 300993, 605598, 600184, 301252, 002913, 688087, 301332, 600581, 603776, 688143, 688631, 000408, 002008, 002746, 002383, 688236, 002988, 601002, 300841, 000813, 605339, 605305, 000026, 300920, 300505, 600053, 300111, 002782, 688151, 605088, 002543, 002225, 688622, 300689, 002973, 000547, 301187, 300516, 300648, 300847, 603014, 002192, 603955
2025-08-23 13:38:24,483 [INFO] 结果已保存至 results/2025-08-22-Week/shaofu.txt
2025-08-23 13:38:29,665 [INFO] 
2025-08-23 13:38:29,666 [INFO] ============== 选股结果 [少妇战法精选版] ==============
2025-08-23 13:38:29,666 [INFO] 交易日: 2025-08-22
2025-08-23 13:38:29,666 [INFO] 符合条件股票数: 11
2025-08-23 13:38:29,666 [INFO] 688161, 688570, 300482, 002950, 600676, 603680, 300976, 002515, 603868, 301252, 000408
2025-08-23 13:38:29,666 [INFO] 结果已保存至 results/2025-08-22-Week/shaofuv2.txt
2025-08-23 13:39:18,865 [INFO] 
2025-08-23 13:39:18,867 [INFO] ============== 选股结果 [SuperB1战法] ==============
2025-08-23 13:39:18,867 [INFO] 交易日: 2025-08-22
2025-08-23 13:39:18,867 [INFO] 符合条件股票数: 2
2025-08-23 13:39:18,867 [INFO] 600507, 605088
2025-08-23 13:39:18,868 [INFO] 结果已保存至 results/2025-08-22-Week/sb1.txt
2025-08-23 13:39:23,571 [INFO] 
2025-08-23 13:39:23,571 [INFO] ============== 选股结果 [补票战法] ==============
2025-08-23 13:39:23,571 [INFO] 交易日: 2025-08-22
2025-08-23 13:39:23,571 [INFO] 符合条件股票数: 4
2025-08-23 13:39:23,571 [INFO] 600601, 603887, 600654, 002019
2025-08-23 13:39:23,571 [INFO] 结果已保存至 results/2025-08-22-Week/bupiao.txt
2025-08-23 13:39:26,229 [INFO] 
2025-08-23 13:39:26,230 [INFO] ============== 选股结果 [TePu战法] ==============
2025-08-23 13:39:26,230 [INFO] 交易日: 2025-08-22
2025-08-23 13:39:26,230 [INFO] 符合条件股票数: 2
2025-08-23 13:39:26,230 [INFO] 300194, 002075
2025-08-23 13:39:26,230 [INFO] 结果已保存至 results/2025-08-22-Week/tepu.txt
2025-08-23 13:39:29,532 [INFO] 
2025-08-23 13:39:29,532 [INFO] ============== 选股结果 [填坑战法] ==============
2025-08-23 13:39:29,532 [INFO] 交易日: 2025-08-22
2025-08-23 13:39:29,532 [INFO] 符合条件股票数: 7
2025-08-23 13:39:29,532 [INFO] 002176, 002075, 301310, 300993, 603063, 000813, 300689
2025-08-23 13:39:29,532 [INFO] 结果已保存至 results/2025-08-22-Week/tiankeng.txt
2025-08-23 15:58:15,875 [INFO] 未指定 --date，使用最近日期 2025-08-22
2025-08-23 15:58:17,837 [INFO] 
2025-08-23 15:58:17,837 [INFO] ============== 选股结果 [少妇战法] ==============
2025-08-23 15:58:17,837 [INFO] 交易日: 2025-08-22
2025-08-23 15:58:17,837 [INFO] 符合条件股票数: 10
2025-08-23 15:58:17,837 [INFO] 002773, 601155, 002466, 002851, 300347, 002901, 601699, 000519, 000408, 002008
2025-08-23 15:58:17,837 [INFO] 结果已保存至 results/2025-08-22-Week/shaofu.txt
2025-08-23 15:58:19,397 [INFO] 
2025-08-23 15:58:19,397 [INFO] ============== 选股结果 [少妇战法精选版] ==============
2025-08-23 15:58:19,398 [INFO] 交易日: 2025-08-22
2025-08-23 15:58:19,398 [INFO] 符合条件股票数: 1
2025-08-23 15:58:19,398 [INFO] 000408
2025-08-23 15:58:19,398 [INFO] 结果已保存至 results/2025-08-22-Week/shaofuv2.txt
2025-08-23 15:58:32,928 [INFO] 
2025-08-23 15:58:32,928 [INFO] ============== 选股结果 [SuperB1战法] ==============
2025-08-23 15:58:32,928 [INFO] 交易日: 2025-08-22
2025-08-23 15:58:32,928 [INFO] 符合条件股票数: 0
2025-08-23 15:58:32,928 [INFO] 无符合条件股票
2025-08-23 15:58:32,928 [INFO] 结果已保存至 results/2025-08-22-Week/sb1.txt
2025-08-23 15:58:34,224 [INFO] 
2025-08-23 15:58:34,224 [INFO] ============== 选股结果 [补票战法] ==============
2025-08-23 15:58:34,224 [INFO] 交易日: 2025-08-22
2025-08-23 15:58:34,224 [INFO] 符合条件股票数: 1
2025-08-23 15:58:34,224 [INFO] 600601
2025-08-23 15:58:34,225 [INFO] 结果已保存至 results/2025-08-22-Week/bupiao.txt
2025-08-23 15:58:34,954 [INFO] 
2025-08-23 15:58:34,954 [INFO] ============== 选股结果 [TePu战法] ==============
2025-08-23 15:58:34,954 [INFO] 交易日: 2025-08-22
2025-08-23 15:58:34,954 [INFO] 符合条件股票数: 0
2025-08-23 15:58:34,954 [INFO] 无符合条件股票
2025-08-23 15:58:34,955 [INFO] 结果已保存至 results/2025-08-22-Week/tepu.txt
2025-08-23 15:58:35,836 [INFO] 
2025-08-23 15:58:35,836 [INFO] ============== 选股结果 [填坑战法] ==============
2025-08-23 15:58:35,836 [INFO] 交易日: 2025-08-22
2025-08-23 15:58:35,837 [INFO] 符合条件股票数: 0
2025-08-23 15:58:35,837 [INFO] 无符合条件股票
2025-08-23 15:58:35,837 [INFO] 结果已保存至 results/2025-08-22-Week/tiankeng.txt
2025-08-23 23:42:45,366 [INFO] 未指定 --date，使用最近日期 2025-08-22
2025-08-23 23:42:50,948 [INFO] 
2025-08-23 23:42:50,948 [INFO] ============== 选股结果 [少妇战法] ==============
2025-08-23 23:42:50,948 [INFO] 交易日: 2025-08-22
2025-08-23 23:42:50,949 [INFO] 符合条件股票数: 129
2025-08-23 23:42:50,949 [INFO] 002438, 605118, 000011, 002941, 600855, 002564, 600666, 002773, 000762, 601155, 600288, 301613, 300257, 002361, 600507, 688029, 688161, 301015, 605090, 688410, 002176, 688570, 002166, 300440, 300482, 301005, 603181, 600501, 002950, 600676, 600662, 300873, 600771, 300586, 300009, 603132, 688459, 300342, 300815, 301262, 605378, 002466, 002458, 603938, 688710, 002896, 603680, 600376, 300194, 603130, 002075, 000058, 300976, 600983, 002688, 002515, 603109, 600212, 301310, 002851, 301306, 300347, 601089, 300821, 002042, 002240, 301096, 300388, 002321, 300981, 002915, 002901, 603071, 300016, 600587, 601699, 003028, 000519, 002695, 688091, 603698, 603868, 688325, 301251, 601139, 603538, 300993, 605598, 600184, 301252, 002913, 688087, 301332, 600581, 603776, 688143, 688631, 000408, 002008, 002746, 002383, 688236, 002988, 601002, 300841, 000813, 605339, 605305, 000026, 300920, 300505, 600053, 300111, 002782, 688151, 605088, 002543, 002225, 688622, 300689, 002973, 000547, 301187, 300516, 300648, 300847, 603014, 002192, 603955
2025-08-23 23:42:50,949 [INFO] 结果已保存至 results/2025-08-22-Day/shaofu.txt
2025-08-23 23:42:56,617 [INFO] 
2025-08-23 23:42:56,617 [INFO] ============== 选股结果 [少妇战法精选版] ==============
2025-08-23 23:42:56,617 [INFO] 交易日: 2025-08-22
2025-08-23 23:42:56,617 [INFO] 符合条件股票数: 11
2025-08-23 23:42:56,617 [INFO] 688161, 688570, 300482, 002950, 600676, 603680, 300976, 002515, 603868, 301252, 000408
2025-08-23 23:42:56,617 [INFO] 结果已保存至 results/2025-08-22-Day/shaofuv2.txt
2025-08-23 23:43:49,211 [INFO] 
2025-08-23 23:43:49,212 [INFO] ============== 选股结果 [SuperB1战法] ==============
2025-08-23 23:43:49,212 [INFO] 交易日: 2025-08-22
2025-08-23 23:43:49,212 [INFO] 符合条件股票数: 2
2025-08-23 23:43:49,212 [INFO] 600507, 605088
2025-08-23 23:43:49,213 [INFO] 结果已保存至 results/2025-08-22-Day/sb1.txt
2025-08-23 23:43:54,868 [INFO] 
2025-08-23 23:43:54,869 [INFO] ============== 选股结果 [补票战法] ==============
2025-08-23 23:43:54,869 [INFO] 交易日: 2025-08-22
2025-08-23 23:43:54,869 [INFO] 符合条件股票数: 4
2025-08-23 23:43:54,869 [INFO] 600601, 603887, 600654, 002019
2025-08-23 23:43:54,869 [INFO] 结果已保存至 results/2025-08-22-Day/bupiao.txt
2025-08-23 23:43:57,596 [INFO] 
2025-08-23 23:43:57,596 [INFO] ============== 选股结果 [TePu战法] ==============
2025-08-23 23:43:57,596 [INFO] 交易日: 2025-08-22
2025-08-23 23:43:57,597 [INFO] 符合条件股票数: 2
2025-08-23 23:43:57,597 [INFO] 300194, 002075
2025-08-23 23:43:57,597 [INFO] 结果已保存至 results/2025-08-22-Day/tepu.txt
2025-08-23 23:44:00,954 [INFO] 
2025-08-23 23:44:00,954 [INFO] ============== 选股结果 [填坑战法] ==============
2025-08-23 23:44:00,954 [INFO] 交易日: 2025-08-22
2025-08-23 23:44:00,954 [INFO] 符合条件股票数: 7
2025-08-23 23:44:00,954 [INFO] 002176, 002075, 301310, 300993, 603063, 000813, 300689
2025-08-23 23:44:00,954 [INFO] 结果已保存至 results/2025-08-22-Day/tiankeng.txt
2025-08-24 01:17:51,966 [INFO] 
============== 回测结果 [少妇战法] ==============
2025-08-24 01:17:51,967 [INFO] 回测时段: 2025-02-24 to 2025-08-24
2025-08-24 01:17:51,967 [INFO] 持仓周期: 4 天
2025-08-24 01:17:51,967 [INFO] 总交易次数: 22240
2025-08-24 01:17:51,967 [INFO] 胜率: 52.54%
2025-08-24 01:17:51,967 [INFO] 平均收益率: 0.53%
2025-08-24 01:17:51,967 [INFO] 平均盈利收益率: 3.70%
2025-08-24 01:17:51,967 [INFO] 平均亏损收益率: -2.98%
2025-08-24 01:17:51,967 [INFO] 总收益率 (等权重): 11730.58%
2025-08-24 01:29:39,052 [INFO] 
============== 回测结果 [少妇战法精选版] ==============
2025-08-24 01:29:39,053 [INFO] 回测时段: 2025-02-24 to 2025-08-24
2025-08-24 01:29:39,053 [INFO] 持仓周期: 4 天
2025-08-24 01:29:39,053 [INFO] 总交易次数: 1342
2025-08-24 01:29:39,053 [INFO] 胜率: 58.20%
2025-08-24 01:29:39,053 [INFO] 平均收益率: 0.99%
2025-08-24 01:29:39,053 [INFO] 平均盈利收益率: 3.19%
2025-08-24 01:29:39,053 [INFO] 平均亏损收益率: -2.07%
2025-08-24 01:29:39,053 [INFO] 总收益率 (等权重): 1330.07%
2025-08-24 03:34:46,877 [INFO] 
============== 回测结果 [SuperB1战法] ==============
2025-08-24 03:34:46,879 [INFO] 回测时段: 2025-02-24 to 2025-08-24
2025-08-24 03:34:46,879 [INFO] 持仓周期: 4 天
2025-08-24 03:34:46,879 [INFO] 总交易次数: 1024
2025-08-24 03:34:46,879 [INFO] 胜率: 58.40%
2025-08-24 03:34:46,879 [INFO] 平均收益率: 0.83%
2025-08-24 03:34:46,879 [INFO] 平均盈利收益率: 3.74%
2025-08-24 03:34:46,879 [INFO] 平均亏损收益率: -3.25%
2025-08-24 03:34:46,879 [INFO] 总收益率 (等权重): 852.79%
2025-08-24 03:46:31,070 [INFO] 
============== 回测结果 [补票战法] ==============
2025-08-24 03:46:31,071 [INFO] 回测时段: 2025-02-24 to 2025-08-24
2025-08-24 03:46:31,071 [INFO] 持仓周期: 4 天
2025-08-24 03:46:31,071 [INFO] 总交易次数: 208
2025-08-24 03:46:31,071 [INFO] 胜率: 48.08%
2025-08-24 03:46:31,071 [INFO] 平均收益率: -0.09%
2025-08-24 03:46:31,072 [INFO] 平均盈利收益率: 3.84%
2025-08-24 03:46:31,072 [INFO] 平均亏损收益率: -3.73%
2025-08-24 03:46:31,072 [INFO] 总收益率 (等权重): -18.52%
2025-08-24 03:52:24,071 [INFO] 
============== 回测结果 [TePu战法] ==============
2025-08-24 03:52:24,073 [INFO] 回测时段: 2025-02-24 to 2025-08-24
2025-08-24 03:52:24,073 [INFO] 持仓周期: 4 天
2025-08-24 03:52:24,073 [INFO] 总交易次数: 521
2025-08-24 03:52:24,073 [INFO] 胜率: 50.48%
2025-08-24 03:52:24,073 [INFO] 平均收益率: 0.20%
2025-08-24 03:52:24,073 [INFO] 平均盈利收益率: 3.84%
2025-08-24 03:52:24,073 [INFO] 平均亏损收益率: -3.51%
2025-08-24 03:52:24,073 [INFO] 总收益率 (等权重): 103.92%
2025-08-24 03:58:52,725 [INFO] 
============== 回测结果 [填坑战法] ==============
2025-08-24 03:58:52,725 [INFO] 回测时段: 2025-02-24 to 2025-08-24
2025-08-24 03:58:52,725 [INFO] 持仓周期: 4 天
2025-08-24 03:58:52,725 [INFO] 总交易次数: 2004
2025-08-24 03:58:52,725 [INFO] 胜率: 47.41%
2025-08-24 03:58:52,725 [INFO] 平均收益率: 0.08%
2025-08-24 03:58:52,725 [INFO] 平均盈利收益率: 3.76%
2025-08-24 03:58:52,725 [INFO] 平均亏损收益率: -3.23%
2025-08-24 03:58:52,725 [INFO] 总收益率 (等权重): 168.45%
